TN:
SF:main.ts
FN:97,(anonymous_0)
FN:127,(anonymous_1)
FN:155,(anonymous_2)
FN:177,(anonymous_3)
FN:211,(anonymous_4)
FN:218,(anonymous_5)
FN:254,(anonymous_6)
FNF:7
FNH:7
FNDA:11,(anonymous_0)
FNDA:6,(anonymous_1)
FNDA:3,(anonymous_2)
FNDA:3,(anonymous_3)
FNDA:5,(anonymous_4)
FNDA:4,(anonymous_5)
FNDA:1,(anonymous_6)
DA:27,1
DA:28,1
DA:29,1
DA:30,1
DA:31,1
DA:32,1
DA:33,1
DA:39,1
DA:56,1
DA:73,1
DA:97,11
DA:127,6
DA:155,3
DA:177,1
DA:178,3
DA:187,3
DA:196,3
DA:211,1
DA:212,5
DA:213,5
DA:214,9
DA:218,1
DA:219,4
DA:225,4
DA:226,4
DA:227,4
DA:228,4
DA:229,4
DA:231,4
DA:232,4
DA:233,20
DA:237,4
DA:239,4
DA:240,4
DA:241,4
DA:242,4
DA:243,4
DA:244,4
DA:246,4
DA:248,2
DA:249,2
DA:251,2
DA:254,1
DA:255,1
DA:256,1
DA:257,1
DA:258,1
DA:259,0
DA:260,1
DA:262,0
DA:264,1
DA:265,0
DA:266,0
DA:267,0
DA:268,0
DA:271,1
DA:272,1
DA:276,1
DA:277,0
LF:59
LH:52
BRDA:123,0,0,11
BRDA:123,0,1,0
BRDA:151,1,0,6
BRDA:151,1,1,0
BRDA:231,2,0,4
BRDA:231,2,1,0
BRDA:246,3,0,2
BRDA:246,3,1,2
BRDA:258,4,0,1
BRDA:258,4,1,0
BRDA:259,5,0,0
BRDA:259,5,1,0
BRDA:259,6,0,0
BRDA:259,6,1,0
BRDA:260,7,0,0
BRDA:260,7,1,1
BRDA:262,8,0,0
BRDA:262,8,1,0
BRDA:262,8,2,0
BRDA:265,9,0,0
BRDA:265,9,1,0
BRDA:266,10,0,0
BRDA:266,10,1,0
BRDA:276,11,0,0
BRDA:276,11,1,1
BRF:25
BRH:8
end_of_record
